INFO - 2022-06-05 18:48:14,869 -  autoreload -  autoreload.py - Watching for file changes with StatReloader
INFO - 2022-06-05 18:48:40,797 -  basehttp -  basehttp.py - "GET /products/ HTTP/1.1" 200 2839
INFO - 2022-06-05 18:48:54,017 -  views -  views.py - <QueryDict: {'name': ['Вика'], 'email': ['ilushamdma@yandex.ru'], 'csrfmiddlewaretoken': ['8McEWQ5Dfi4hxEzwUJm0SFFFdjJ7UcIUj9oHsj9dX8kMMgCjGdajQp4EYItT9YQl'], '3': ['1'], '2': ['1'], '1': ['0']}>
INFO - 2022-06-05 18:49:15,940 -  basehttp -  basehttp.py - "POST /products/ HTTP/1.1" 200 3036
INFO - 2022-06-05 19:01:36,154 -  basehttp -  basehttp.py - "GET /products/ HTTP/1.1" 200 2839
INFO - 2022-06-05 19:01:50,403 -  views -  views.py - <QueryDict: {'name': ['Vika'], 'email': ['ilushamdmaa@yandex.ru'], 'csrfmiddlewaretoken': ['x8vFIHorXCH2EAu9zxkCt4JFuksvaE4LIvHIeas1FsXxTcxWl18VrO8EfJchpqcc'], '3': ['1'], '2': ['0'], '1': ['0']}>
INFO - 2022-06-05 19:01:51,308 -  basehttp -  basehttp.py - "POST /products/ HTTP/1.1" 200 3009
INFO - 2022-06-05 19:01:54,344 -  basehttp -  basehttp.py - "GET /products/cart/ HTTP/1.1" 200 7014
INFO - 2022-06-05 19:04:42,440 -  autoreload -  autoreload.py - C:\Users\ilush\Desktop\proj_store\store\store\settings.py changed, reloading.
INFO - 2022-06-05 19:08:58,226 -  autoreload -  autoreload.py - Watching for file changes with StatReloader
WARNING - 2022-06-05 19:09:00,133 -  log -  log.py - Not Found: /
WARNING - 2022-06-05 19:09:00,239 -  basehttp -  basehttp.py - "GET / HTTP/1.1" 404 2293
INFO - 2022-06-05 19:09:04,101 -  basehttp -  basehttp.py - "GET /products/ HTTP/1.1" 200 2838
INFO - 2022-06-05 19:09:08,940 -  basehttp -  basehttp.py - "GET /admin/ HTTP/1.1" 200 7989
INFO - 2022-06-05 19:09:16,640 -  basehttp -  basehttp.py - "GET /admin/ HTTP/1.1" 200 7989
INFO - 2022-06-05 19:09:21,949 -  basehttp -  basehttp.py - "GET /admin/auth/user/ HTTP/1.1" 200 10674
INFO - 2022-06-05 19:09:22,267 -  basehttp -  basehttp.py - "GET /admin/jsi18n/ HTTP/1.1" 200 15618
INFO - 2022-06-05 19:09:22,294 -  basehttp -  basehttp.py - "GET /static/admin/img/search.svg HTTP/1.1" 200 458
INFO - 2022-06-05 19:09:22,304 -  basehttp -  basehttp.py - "GET /static/admin/img/icon-no.svg HTTP/1.1" 200 560
INFO - 2022-06-05 19:09:22,365 -  basehttp -  basehttp.py - "GET /static/admin/img/sorting-icons.svg HTTP/1.1" 200 1097
INFO - 2022-06-05 19:09:28,127 -  basehttp -  basehttp.py - "GET /admin/auth/user/3/change/ HTTP/1.1" 200 22447
INFO - 2022-06-05 19:09:28,385 -  basehttp -  basehttp.py - "GET /static/admin/js/SelectBox.js HTTP/1.1" 200 4360
INFO - 2022-06-05 19:09:28,406 -  basehttp -  basehttp.py - "GET /static/admin/js/SelectFilter2.js HTTP/1.1" 200 12350
INFO - 2022-06-05 19:09:28,459 -  basehttp -  basehttp.py - "GET /admin/jsi18n/ HTTP/1.1" 200 15618
INFO - 2022-06-05 19:09:28,579 -  basehttp -  basehttp.py - "GET /static/admin/img/icon-unknown.svg HTTP/1.1" 200 655
INFO - 2022-06-05 19:09:28,580 -  basehttp -  basehttp.py - "GET /static/admin/img/selector-icons.svg HTTP/1.1" 200 3291
INFO - 2022-06-05 19:09:28,581 -  basehttp -  basehttp.py - "GET /static/admin/img/icon-unknown-alt.svg HTTP/1.1" 200 655
INFO - 2022-06-05 19:09:43,173 -  basehttp -  basehttp.py - "POST /admin/auth/user/3/change/ HTTP/1.1" 200 22680
INFO - 2022-06-05 19:09:43,486 -  basehttp -  basehttp.py - "GET /admin/jsi18n/ HTTP/1.1" 200 15618
INFO - 2022-06-05 19:10:08,717 -  basehttp -  basehttp.py - "POST /admin/auth/user/3/change/ HTTP/1.1" 302 0
INFO - 2022-06-05 19:10:08,841 -  basehttp -  basehttp.py - "GET /admin/auth/user/ HTTP/1.1" 200 10919
INFO - 2022-06-05 19:10:09,139 -  basehttp -  basehttp.py - "GET /admin/jsi18n/ HTTP/1.1" 200 15618
INFO - 2022-06-05 19:10:12,191 -  basehttp -  basehttp.py - "GET /admin/auth/user/ HTTP/1.1" 200 10695
INFO - 2022-06-05 19:10:12,487 -  basehttp -  basehttp.py - "GET /admin/jsi18n/ HTTP/1.1" 200 15618
INFO - 2022-06-05 19:10:29,034 -  basehttp -  basehttp.py - "GET /products/ HTTP/1.1" 200 2838
INFO - 2022-06-05 19:10:47,049 -  views -  views.py - <QueryDict: {'name': ['Виктория'], 'email': ['ilushamdma@yandex.ru'], 'csrfmiddlewaretoken': ['sjfwsVtIibJylCt2qCoK84ZoMEHLVMOZDGrzYoxi01Z3AewPc6c36Oonx3rxayWq'], '3': ['1'], '2': ['1'], '1': ['0']}>
INFO - 2022-06-05 19:11:02,772 -  basehttp -  basehttp.py - "POST /products/ HTTP/1.1" 200 3043
INFO - 2022-06-05 19:11:15,832 -  basehttp -  basehttp.py - "GET /products/cart/ HTTP/1.1" 200 7267
INFO - 2022-06-05 19:12:16,217 -  autoreload -  autoreload.py - C:\Users\ilush\Desktop\proj_store\store\store\settings.py changed, reloading.
INFO - 2022-06-05 19:12:17,240 -  autoreload -  autoreload.py - Watching for file changes with StatReloader
INFO - 2022-06-05 19:12:25,414 -  autoreload -  autoreload.py - Watching for file changes with StatReloader
INFO - 2022-06-05 19:14:00,729 -  basehttp -  basehttp.py - "GET /products/ HTTP/1.1" 200 2838
INFO - 2022-06-05 19:16:01,284 -  autoreload -  autoreload.py - C:\Users\ilush\Desktop\proj_store\store\store\settings.py changed, reloading.
INFO - 2022-06-05 19:16:03,242 -  autoreload -  autoreload.py - Watching for file changes with StatReloader
INFO - 2022-06-05 19:16:05,402 -  autoreload -  autoreload.py - C:\Users\ilush\Desktop\proj_store\store\store\settings.py changed, reloading.
INFO - 2022-06-05 19:16:06,763 -  autoreload -  autoreload.py - Watching for file changes with StatReloader
INFO - 2022-06-05 19:16:10,719 -  autoreload -  autoreload.py - C:\Users\ilush\Desktop\proj_store\store\store\settings.py changed, reloading.
INFO - 2022-06-05 19:16:11,795 -  autoreload -  autoreload.py - Watching for file changes with StatReloader
INFO - 2022-06-05 19:16:42,215 -  autoreload -  autoreload.py - C:\Users\ilush\Desktop\proj_store\store\store\settings.py changed, reloading.
INFO - 2022-06-05 19:16:43,342 -  autoreload -  autoreload.py - Watching for file changes with StatReloader
INFO - 2022-06-05 19:17:17,429 -  views -  views.py - <QueryDict: {'name': ['Илья'], 'email': ['ilushamdmaa@yandex.ru'], 'csrfmiddlewaretoken': ['KSLmfWuigNk0G6T3CWupQobgAodFF53qVfXpLpySYDAvVIWQoqiIO8AflNXrURbR'], '3': ['1'], '2': ['1'], '1': ['0']}>
INFO - 2022-06-05 19:17:18,049 -  basehttp -  basehttp.py - "POST /products/ HTTP/1.1" 200 3035
INFO - 2022-06-05 19:17:21,046 -  basehttp -  basehttp.py - "GET /products/cart/ HTTP/1.1" 200 7513
INFO - 2022-06-05 19:31:20,758 -  autoreload -  autoreload.py - C:\Users\ilush\Desktop\proj_store\store\basket\urls.py changed, reloading.
INFO - 2022-06-05 19:31:22,413 -  autoreload -  autoreload.py - Watching for file changes with StatReloader
WARNING - 2022-06-05 19:31:30,044 -  log -  log.py - Not Found: /
WARNING - 2022-06-05 19:31:30,502 -  basehttp -  basehttp.py - "GET / HTTP/1.1" 404 2293
ERROR - 2022-06-05 19:31:34,251 -  log -  log.py - Internal Server Error: /products/
Traceback (most recent call last):
  File "C:\Users\ilush\Desktop\proj_store\lib\site-packages\django\core\handlers\exception.py", line 55, in inner
    response = get_response(request)
  File "C:\Users\ilush\Desktop\proj_store\lib\site-packages\django\core\handlers\base.py", line 197, in _get_response
    response = wrapped_callback(request, *callback_args, **callback_kwargs)
  File "C:\Users\ilush\Desktop\proj_store\store\basket\views.py", line 61, in product_create
    return render(request, 'products.html', {'products': products, 'info': info})
  File "C:\Users\ilush\Desktop\proj_store\lib\site-packages\django\shortcuts.py", line 24, in render
    content = loader.render_to_string(template_name, context, request, using=using)
  File "C:\Users\ilush\Desktop\proj_store\lib\site-packages\django\template\loader.py", line 62, in render_to_string
    return template.render(context, request)
  File "C:\Users\ilush\Desktop\proj_store\lib\site-packages\django\template\backends\django.py", line 62, in render
    return self.template.render(context)
  File "C:\Users\ilush\Desktop\proj_store\lib\site-packages\django\template\base.py", line 175, in render
    return self._render(context)
  File "C:\Users\ilush\Desktop\proj_store\lib\site-packages\django\template\base.py", line 167, in _render
    return self.nodelist.render(context)
  File "C:\Users\ilush\Desktop\proj_store\lib\site-packages\django\template\base.py", line 1000, in render
    return SafeString("".join([node.render_annotated(context) for node in self]))
  File "C:\Users\ilush\Desktop\proj_store\lib\site-packages\django\template\base.py", line 1000, in <listcomp>
    return SafeString("".join([node.render_annotated(context) for node in self]))
  File "C:\Users\ilush\Desktop\proj_store\lib\site-packages\django\template\base.py", line 958, in render_annotated
    return self.render(context)
  File "C:\Users\ilush\Desktop\proj_store\lib\site-packages\django\template\loader_tags.py", line 157, in render
    return compiled_parent._render(context)
  File "C:\Users\ilush\Desktop\proj_store\lib\site-packages\django\template\base.py", line 167, in _render
    return self.nodelist.render(context)
  File "C:\Users\ilush\Desktop\proj_store\lib\site-packages\django\template\base.py", line 1000, in render
    return SafeString("".join([node.render_annotated(context) for node in self]))
  File "C:\Users\ilush\Desktop\proj_store\lib\site-packages\django\template\base.py", line 1000, in <listcomp>
    return SafeString("".join([node.render_annotated(context) for node in self]))
  File "C:\Users\ilush\Desktop\proj_store\lib\site-packages\django\template\base.py", line 958, in render_annotated
    return self.render(context)
  File "C:\Users\ilush\Desktop\proj_store\lib\site-packages\django\template\loader_tags.py", line 63, in render
    result = block.nodelist.render(context)
  File "C:\Users\ilush\Desktop\proj_store\lib\site-packages\django\template\base.py", line 1000, in render
    return SafeString("".join([node.render_annotated(context) for node in self]))
  File "C:\Users\ilush\Desktop\proj_store\lib\site-packages\django\template\base.py", line 1000, in <listcomp>
    return SafeString("".join([node.render_annotated(context) for node in self]))
  File "C:\Users\ilush\Desktop\proj_store\lib\site-packages\django\template\base.py", line 958, in render_annotated
    return self.render(context)
  File "C:\Users\ilush\Desktop\proj_store\lib\site-packages\django\template\defaulttags.py", line 472, in render
    url = reverse(view_name, args=args, kwargs=kwargs, current_app=current_app)
  File "C:\Users\ilush\Desktop\proj_store\lib\site-packages\django\urls\base.py", line 88, in reverse
    return resolver._reverse_with_prefix(view, prefix, *args, **kwargs)
  File "C:\Users\ilush\Desktop\proj_store\lib\site-packages\django\urls\resolvers.py", line 802, in _reverse_with_prefix
    raise NoReverseMatch(msg)
django.urls.exceptions.NoReverseMatch: Reverse for 'Carts' not found. 'Carts' is not a valid view function or pattern name.
ERROR - 2022-06-05 19:31:34,734 -  basehttp -  basehttp.py - "GET /products/ HTTP/1.1" 500 159454
INFO - 2022-06-05 19:31:47,664 -  basehttp -  basehttp.py - "GET /products/ HTTP/1.1" 200 2838
ERROR - 2022-06-05 19:31:49,936 -  log -  log.py - Internal Server Error: /products/cart/
Traceback (most recent call last):
  File "C:\Users\ilush\Desktop\proj_store\lib\site-packages\django\core\handlers\exception.py", line 55, in inner
    response = get_response(request)
  File "C:\Users\ilush\Desktop\proj_store\lib\site-packages\django\core\handlers\base.py", line 220, in _get_response
    response = response.render()
  File "C:\Users\ilush\Desktop\proj_store\lib\site-packages\django\template\response.py", line 114, in render
    self.content = self.rendered_content
  File "C:\Users\ilush\Desktop\proj_store\lib\site-packages\django\template\response.py", line 90, in rendered_content
    template = self.resolve_template(self.template_name)
  File "C:\Users\ilush\Desktop\proj_store\lib\site-packages\django\template\response.py", line 72, in resolve_template
    return select_template(template, using=self.using)
  File "C:\Users\ilush\Desktop\proj_store\lib\site-packages\django\template\loader.py", line 47, in select_template
    raise TemplateDoesNotExist(", ".join(template_name_list), chain=chain)
django.template.exceptions.TemplateDoesNotExist: OrdersOrders.html, basket/order_list.html
ERROR - 2022-06-05 19:31:50,108 -  basehttp -  basehttp.py - "GET /products/cart/ HTTP/1.1" 500 80322
INFO - 2022-06-05 19:32:45,347 -  autoreload -  autoreload.py - C:\Users\ilush\Desktop\proj_store\store\basket\views.py changed, reloading.
INFO - 2022-06-05 19:32:46,783 -  autoreload -  autoreload.py - Watching for file changes with StatReloader
INFO - 2022-06-05 19:32:47,458 -  basehttp -  basehttp.py - "GET /products/cart/ HTTP/1.1" 200 7513
INFO - 2022-06-05 19:32:50,098 -  basehttp -  basehttp.py - "GET /products/ HTTP/1.1" 200 2838
INFO - 2022-06-05 19:33:05,533 -  basehttp -  basehttp.py - "GET /products/3/ HTTP/1.1" 200 1337
INFO - 2022-06-05 19:33:05,854 -  basehttp -  basehttp.py - "GET /media/%D0%BA%D0%BB%D0%B0%D0%B2%D0%B0.png HTTP/1.1" 304 0
INFO - 2022-06-05 19:33:12,290 -  basehttp -  basehttp.py - "GET /products/ HTTP/1.1" 200 2838
INFO - 2022-06-05 19:33:22,009 -  basehttp -  basehttp.py - "GET /products/ HTTP/1.1" 200 2838
INFO - 2022-06-05 19:33:23,649 -  basehttp -  basehttp.py - "GET /products/cart/ HTTP/1.1" 200 7513
INFO - 2022-06-05 19:33:26,237 -  basehttp -  basehttp.py - "GET /products/ HTTP/1.1" 200 2838
INFO - 2022-06-05 19:33:29,311 -  basehttp -  basehttp.py - "GET /products/3/ HTTP/1.1" 200 1337
INFO - 2022-06-05 19:36:54,604 -  basehttp -  basehttp.py - "GET /products/3/ HTTP/1.1" 200 1474
INFO - 2022-06-05 19:36:55,927 -  basehttp -  basehttp.py - "GET /products/3/ HTTP/1.1" 200 1474
INFO - 2022-06-05 19:37:16,732 -  basehttp -  basehttp.py - "GET /products/3/ HTTP/1.1" 200 1476
INFO - 2022-06-05 19:37:17,092 -  basehttp -  basehttp.py - "GET /static/style_by_zeh_1.css HTTP/1.1" 200 1504
INFO - 2022-06-05 19:37:17,654 -  basehttp -  basehttp.py - "GET /products/3/ HTTP/1.1" 200 1476
INFO - 2022-06-05 19:37:18,109 -  basehttp -  basehttp.py - "GET /products/3/ HTTP/1.1" 200 1476
INFO - 2022-06-05 19:37:18,447 -  basehttp -  basehttp.py - "GET /products/3/ HTTP/1.1" 200 1476
INFO - 2022-06-05 19:37:18,941 -  basehttp -  basehttp.py - "GET /products/3/ HTTP/1.1" 200 1476
INFO - 2022-06-05 19:37:33,959 -  basehttp -  basehttp.py - "GET /static/style_by_zeh_1.css HTTP/1.1" 304 0
INFO - 2022-06-05 19:38:59,509 -  basehttp -  basehttp.py - "GET /products/3/ HTTP/1.1" 200 1476
INFO - 2022-06-05 19:38:59,934 -  basehttp -  basehttp.py - "GET /static/style_by_zeh_1.css HTTP/1.1" 200 1570
INFO - 2022-06-05 19:39:00,270 -  basehttp -  basehttp.py - "GET /products/3/ HTTP/1.1" 200 1476
INFO - 2022-06-05 19:39:00,618 -  basehttp -  basehttp.py - "GET /static/style_by_zeh_1.css HTTP/1.1" 304 0
INFO - 2022-06-05 19:39:03,681 -  basehttp -  basehttp.py - "GET /products/3/ HTTP/1.1" 200 1476
INFO - 2022-06-05 19:39:03,958 -  basehttp -  basehttp.py - "GET /static/style_by_zeh_1.css HTTP/1.1" 304 0
INFO - 2022-06-05 19:39:04,438 -  basehttp -  basehttp.py - "GET /products/3/ HTTP/1.1" 200 1476
INFO - 2022-06-05 19:39:04,723 -  basehttp -  basehttp.py - "GET /static/style_by_zeh_1.css HTTP/1.1" 304 0
INFO - 2022-06-05 19:39:06,864 -  basehttp -  basehttp.py - "GET /static/style_by_zeh_1.css HTTP/1.1" 304 0
INFO - 2022-06-05 19:40:05,248 -  basehttp -  basehttp.py - "GET /products/3/ HTTP/1.1" 200 1476
INFO - 2022-06-05 19:40:05,532 -  basehttp -  basehttp.py - "GET /static/style_by_zeh_1.css HTTP/1.1" 200 1596
INFO - 2022-06-05 19:40:05,937 -  basehttp -  basehttp.py - "GET /products/3/ HTTP/1.1" 200 1476
INFO - 2022-06-05 19:40:06,224 -  basehttp -  basehttp.py - "GET /static/style_by_zeh_1.css HTTP/1.1" 304 0
INFO - 2022-06-05 19:40:06,703 -  basehttp -  basehttp.py - "GET /products/3/ HTTP/1.1" 200 1476
INFO - 2022-06-05 19:40:07,043 -  basehttp -  basehttp.py - "GET /static/style_by_zeh_1.css HTTP/1.1" 304 0
INFO - 2022-06-05 19:40:26,585 -  basehttp -  basehttp.py - "GET /products/3/ HTTP/1.1" 200 1476
INFO - 2022-06-05 19:40:26,900 -  basehttp -  basehttp.py - "GET /static/style_by_zeh_1.css HTTP/1.1" 200 1615
INFO - 2022-06-05 19:40:27,138 -  basehttp -  basehttp.py - "GET /products/3/ HTTP/1.1" 200 1476
INFO - 2022-06-05 19:40:27,395 -  basehttp -  basehttp.py - "GET /static/style_by_zeh_1.css HTTP/1.1" 304 0
INFO - 2022-06-05 19:40:27,824 -  basehttp -  basehttp.py - "GET /products/3/ HTTP/1.1" 200 1476
INFO - 2022-06-05 19:40:28,123 -  basehttp -  basehttp.py - "GET /static/style_by_zeh_1.css HTTP/1.1" 304 0
INFO - 2022-06-05 19:40:42,118 -  basehttp -  basehttp.py - "GET /products/3/ HTTP/1.1" 200 1476
INFO - 2022-06-05 19:40:42,451 -  basehttp -  basehttp.py - "GET /static/style_by_zeh_1.css HTTP/1.1" 200 1615
INFO - 2022-06-05 19:40:42,913 -  basehttp -  basehttp.py - "GET /products/3/ HTTP/1.1" 200 1476
INFO - 2022-06-05 19:40:43,193 -  basehttp -  basehttp.py - "GET /static/style_by_zeh_1.css HTTP/1.1" 304 0
INFO - 2022-06-05 19:40:43,562 -  basehttp -  basehttp.py - "GET /products/3/ HTTP/1.1" 200 1476
INFO - 2022-06-05 19:40:43,852 -  basehttp -  basehttp.py - "GET /static/style_by_zeh_1.css HTTP/1.1" 304 0
INFO - 2022-06-05 19:40:44,266 -  basehttp -  basehttp.py - "GET /products/3/ HTTP/1.1" 200 1476
INFO - 2022-06-05 19:40:44,705 -  basehttp -  basehttp.py - "GET /static/style_by_zeh_1.css HTTP/1.1" 304 0
INFO - 2022-06-05 19:41:01,531 -  basehttp -  basehttp.py - "GET /products/3/ HTTP/1.1" 200 1476
INFO - 2022-06-05 19:41:01,811 -  basehttp -  basehttp.py - "GET /static/style_by_zeh_1.css HTTP/1.1" 200 1617
INFO - 2022-06-05 19:41:02,152 -  basehttp -  basehttp.py - "GET /products/3/ HTTP/1.1" 200 1476
INFO - 2022-06-05 19:41:02,395 -  basehttp -  basehttp.py - "GET /static/style_by_zeh_1.css HTTP/1.1" 304 0
INFO - 2022-06-05 19:41:02,743 -  basehttp -  basehttp.py - "GET /products/3/ HTTP/1.1" 200 1476
INFO - 2022-06-05 19:41:03,031 -  basehttp -  basehttp.py - "GET /static/style_by_zeh_1.css HTTP/1.1" 304 0
INFO - 2022-06-05 19:41:31,411 -  basehttp -  basehttp.py - "GET /products/3/ HTTP/1.1" 200 1468
INFO - 2022-06-05 19:41:31,717 -  basehttp -  basehttp.py - "GET /static/style_by_zeh_1.css HTTP/1.1" 304 0
INFO - 2022-06-05 19:41:32,366 -  basehttp -  basehttp.py - "GET /products/3/ HTTP/1.1" 200 1468
INFO - 2022-06-05 19:41:32,722 -  basehttp -  basehttp.py - "GET /products/3/ HTTP/1.1" 200 1468
INFO - 2022-06-05 19:41:47,522 -  basehttp -  basehttp.py - "GET /products/ HTTP/1.1" 200 2840
INFO - 2022-06-05 19:41:47,903 -  basehttp -  basehttp.py - "GET /static/style_by_zeh_1.css HTTP/1.1" 304 0
INFO - 2022-06-05 19:41:49,065 -  basehttp -  basehttp.py - "GET /products/2/ HTTP/1.1" 200 1577
INFO - 2022-06-05 19:41:49,340 -  basehttp -  basehttp.py - "GET /media/%D0%BC%D0%BE%D0%BD%D0%B8%D1%82%D0%BE%D1%80.png HTTP/1.1" 304 0
INFO - 2022-06-05 19:42:01,632 -  basehttp -  basehttp.py - "GET /products/2/ HTTP/1.1" 200 1577
INFO - 2022-06-05 19:42:01,889 -  basehttp -  basehttp.py - "GET /static/style_by_zeh_1.css HTTP/1.1" 304 0
INFO - 2022-06-05 19:42:06,556 -  basehttp -  basehttp.py - "GET /products/ HTTP/1.1" 200 2840
INFO - 2022-06-05 19:42:08,131 -  basehttp -  basehttp.py - "GET /products/3/ HTTP/1.1" 200 1468
INFO - 2022-06-05 19:42:08,405 -  basehttp -  basehttp.py - "GET /static/style_by_zeh_1.css HTTP/1.1" 304 0
INFO - 2022-06-05 19:42:25,468 -  basehttp -  basehttp.py - "GET /products/3/ HTTP/1.1" 200 1468
INFO - 2022-06-05 19:42:25,751 -  basehttp -  basehttp.py - "GET /static/style_by_zeh_1.css HTTP/1.1" 304 0
INFO - 2022-06-05 19:42:26,365 -  basehttp -  basehttp.py - "GET /products/3/ HTTP/1.1" 200 1468
INFO - 2022-06-05 19:43:04,751 -  basehttp -  basehttp.py - "GET /products/3/ HTTP/1.1" 200 1468
INFO - 2022-06-05 19:43:05,016 -  basehttp -  basehttp.py - "GET /static/style_by_zeh_1.css HTTP/1.1" 200 1617
INFO - 2022-06-05 19:43:05,909 -  basehttp -  basehttp.py - "GET /products/3/ HTTP/1.1" 200 1468
INFO - 2022-06-05 19:43:06,160 -  basehttp -  basehttp.py - "GET /static/style_by_zeh_1.css HTTP/1.1" 304 0
INFO - 2022-06-05 19:43:06,473 -  basehttp -  basehttp.py - "GET /products/3/ HTTP/1.1" 200 1468
INFO - 2022-06-05 19:43:06,796 -  basehttp -  basehttp.py - "GET /static/style_by_zeh_1.css HTTP/1.1" 304 0
INFO - 2022-06-05 19:43:46,031 -  basehttp -  basehttp.py - "GET /products/ HTTP/1.1" 200 2840
INFO - 2022-06-05 19:43:46,421 -  basehttp -  basehttp.py - "GET /static/style_by_zeh_1.css HTTP/1.1" 304 0
INFO - 2022-06-05 19:43:47,711 -  basehttp -  basehttp.py - "GET /products/1/ HTTP/1.1" 200 3214
INFO - 2022-06-05 19:43:47,980 -  basehttp -  basehttp.py - "GET /media/%D0%BC%D1%8B%D1%88%D0%BA%D0%B0_2.png HTTP/1.1" 304 0
INFO - 2022-06-05 19:44:06,869 -  basehttp -  basehttp.py - "GET /admin/ HTTP/1.1" 200 8018
INFO - 2022-06-05 19:44:08,518 -  basehttp -  basehttp.py - "GET /admin/basket/order/ HTTP/1.1" 200 13996
INFO - 2022-06-05 19:44:08,979 -  basehttp -  basehttp.py - "GET /admin/jsi18n/ HTTP/1.1" 200 15618
INFO - 2022-06-05 19:44:10,250 -  basehttp -  basehttp.py - "GET /admin/ HTTP/1.1" 200 8018
INFO - 2022-06-05 19:44:11,340 -  basehttp -  basehttp.py - "GET /admin/basket/cart/ HTTP/1.1" 200 16441
INFO - 2022-06-05 19:44:11,642 -  basehttp -  basehttp.py - "GET /admin/jsi18n/ HTTP/1.1" 200 15618
INFO - 2022-06-05 19:44:13,044 -  basehttp -  basehttp.py - "GET /admin/ HTTP/1.1" 200 8018
INFO - 2022-06-05 19:44:14,486 -  basehttp -  basehttp.py - "GET /admin/basket/product/ HTTP/1.1" 200 7739
INFO - 2022-06-05 19:44:14,807 -  basehttp -  basehttp.py - "GET /admin/jsi18n/ HTTP/1.1" 200 15618
INFO - 2022-06-05 19:44:17,419 -  basehttp -  basehttp.py - "GET /admin/basket/product/1/change/ HTTP/1.1" 200 12134
INFO - 2022-06-05 19:44:17,736 -  basehttp -  basehttp.py - "GET /admin/jsi18n/ HTTP/1.1" 200 15618
INFO - 2022-06-05 19:44:44,122 -  basehttp -  basehttp.py - "POST /admin/basket/product/1/change/ HTTP/1.1" 302 0
INFO - 2022-06-05 19:44:44,477 -  basehttp -  basehttp.py - "GET /admin/basket/product/ HTTP/1.1" 200 7956
INFO - 2022-06-05 19:44:44,828 -  basehttp -  basehttp.py - "GET /admin/jsi18n/ HTTP/1.1" 200 15618
INFO - 2022-06-05 19:44:46,385 -  basehttp -  basehttp.py - "GET /products/1/ HTTP/1.1" 200 1936
INFO - 2022-06-05 19:44:46,656 -  basehttp -  basehttp.py - "GET /static/style_by_zeh_1.css HTTP/1.1" 304 0
INFO - 2022-06-05 19:44:57,245 -  basehttp -  basehttp.py - "GET /products/ HTTP/1.1" 200 2840
INFO - 2022-06-05 19:44:57,564 -  basehttp -  basehttp.py - "GET /static/style_by_zeh_1.css HTTP/1.1" 304 0
INFO - 2022-06-05 19:44:58,713 -  basehttp -  basehttp.py - "GET /products/2/ HTTP/1.1" 200 1577
INFO - 2022-06-05 19:45:00,367 -  basehttp -  basehttp.py - "GET /products/ HTTP/1.1" 200 2840
INFO - 2022-06-05 19:45:01,827 -  basehttp -  basehttp.py - "GET /products/1/ HTTP/1.1" 200 1936
INFO - 2022-06-05 19:45:03,162 -  basehttp -  basehttp.py - "GET /products/ HTTP/1.1" 200 2840
INFO - 2022-06-05 19:45:04,336 -  basehttp -  basehttp.py - "GET /products/3/ HTTP/1.1" 200 1468
INFO - 2022-06-05 19:48:38,912 -  basehttp -  basehttp.py - "GET /products/3/ HTTP/1.1" 200 1468
INFO - 2022-06-05 19:48:41,490 -  basehttp -  basehttp.py - "GET /products/3/ HTTP/1.1" 200 1468
WARNING - 2022-06-05 19:48:48,633 -  log -  log.py - Not Found: /
INFO - 2022-06-05 19:49:00,158 -  basehttp -  basehttp.py - - Broken pipe from ('127.0.0.1', 49508)

WARNING - 2022-06-05 19:49:09,477 -  log -  log.py - Not Found: /
INFO - 2022-06-05 19:49:52,593 -  autoreload -  autoreload.py - Watching for file changes with StatReloader
WARNING - 2022-06-05 19:50:18,151 -  log -  log.py - Not Found: /
WARNING - 2022-06-05 19:50:39,469 -  basehttp -  basehttp.py - "GET / HTTP/1.1" 404 2293
WARNING - 2022-06-05 19:51:03,080 -  log -  log.py - Not Found: /
INFO - 2022-06-05 19:51:05,538 -  basehttp -  basehttp.py - "GET /admin/ HTTP/1.1" 200 8040
INFO - 2022-06-05 19:51:12,796 -  basehttp -  basehttp.py - "GET /products/ HTTP/1.1" 200 2840
INFO - 2022-06-05 19:51:18,382 -  basehttp -  basehttp.py - - Broken pipe from ('127.0.0.1', 50121)

INFO - 2022-06-05 19:51:18,848 -  basehttp -  basehttp.py - - Broken pipe from ('127.0.0.1', 50122)

INFO - 2022-06-05 19:51:19,090 -  basehttp -  basehttp.py - "GET /static/style_by_zeh_1.css HTTP/1.1" 200 1617
INFO - 2022-06-05 19:51:21,788 -  basehttp -  basehttp.py - "GET /products/3/ HTTP/1.1" 200 1468
INFO - 2022-06-05 19:51:24,488 -  basehttp -  basehttp.py - "GET /products/3/ HTTP/1.1" 200 1468
INFO - 2022-06-05 19:51:27,053 -  basehttp -  basehttp.py - "GET /products/2/ HTTP/1.1" 200 1577
INFO - 2022-06-05 19:51:31,014 -  basehttp -  basehttp.py - "GET /products/1/ HTTP/1.1" 200 1936
INFO - 2022-06-05 19:51:34,936 -  basehttp -  basehttp.py - "GET /products/3/ HTTP/1.1" 200 1468
INFO - 2022-06-05 19:51:37,831 -  basehttp -  basehttp.py - "GET /products/2/ HTTP/1.1" 200 1577
INFO - 2022-06-05 19:51:41,928 -  basehttp -  basehttp.py - "GET /products/ HTTP/1.1" 200 2840
INFO - 2022-06-05 19:51:43,077 -  basehttp -  basehttp.py - "GET /products/1/ HTTP/1.1" 200 1936
INFO - 2022-06-05 19:54:26,778 -  basehttp -  basehttp.py - "GET /products/ HTTP/1.1" 200 2840
INFO - 2022-06-05 19:54:27,133 -  basehttp -  basehttp.py - "GET /static/style_by_zeh_1.css HTTP/1.1" 304 0
INFO - 2022-06-05 19:54:28,381 -  basehttp -  basehttp.py - "GET /products/3/ HTTP/1.1" 200 1468
INFO - 2022-06-05 19:54:34,419 -  basehttp -  basehttp.py - "GET /admin/basket/product/1/change/ HTTP/1.1" 200 10856
INFO - 2022-06-05 19:54:34,758 -  basehttp -  basehttp.py - "GET /admin/jsi18n/ HTTP/1.1" 200 15618
INFO - 2022-06-05 19:54:37,146 -  basehttp -  basehttp.py - "POST /admin/basket/product/1/change/ HTTP/1.1" 302 0
INFO - 2022-06-05 19:54:37,483 -  basehttp -  basehttp.py - "GET /admin/basket/product/ HTTP/1.1" 200 7956
INFO - 2022-06-05 19:54:37,838 -  basehttp -  basehttp.py - "GET /admin/jsi18n/ HTTP/1.1" 200 15618
INFO - 2022-06-05 19:54:40,003 -  basehttp -  basehttp.py - "GET /products/1/ HTTP/1.1" 200 1511
INFO - 2022-06-05 19:54:46,549 -  basehttp -  basehttp.py - "GET /products/ HTTP/1.1" 200 2840
INFO - 2022-06-05 19:54:47,899 -  basehttp -  basehttp.py - "GET /products/2/ HTTP/1.1" 200 1577
INFO - 2022-06-05 19:54:50,069 -  basehttp -  basehttp.py - "GET /products/ HTTP/1.1" 200 2840
INFO - 2022-06-05 19:54:51,340 -  basehttp -  basehttp.py - "GET /products/1/ HTTP/1.1" 200 1511
INFO - 2022-06-05 19:54:52,751 -  basehttp -  basehttp.py - "GET /products/ HTTP/1.1" 200 2840
INFO - 2022-06-05 19:54:54,033 -  basehttp -  basehttp.py - "GET /products/3/ HTTP/1.1" 200 1468
INFO - 2022-06-05 19:55:16,222 -  basehttp -  basehttp.py - "GET /products/cart/ HTTP/1.1" 200 7515
INFO - 2022-06-05 19:55:18,433 -  basehttp -  basehttp.py - "GET /products/ HTTP/1.1" 200 2840
INFO - 2022-06-05 19:55:34,096 -  basehttp -  basehttp.py - "GET /products/cart/ HTTP/1.1" 200 7515
INFO - 2022-06-05 19:55:36,651 -  basehttp -  basehttp.py - "GET /products/ HTTP/1.1" 200 2840
INFO - 2022-06-05 19:55:36,933 -  basehttp -  basehttp.py - "GET /static/style_by_zeh_1.css HTTP/1.1" 304 0
INFO - 2022-06-05 19:58:27,179 -  autoreload -  autoreload.py - C:\Users\ilush\Desktop\proj_store\store\basket\urls.py changed, reloading.
INFO - 2022-06-05 19:58:28,695 -  autoreload -  autoreload.py - Watching for file changes with StatReloader
WARNING - 2022-06-05 19:58:30,388 -  log -  log.py - Not Found: /products/cart/
WARNING - 2022-06-05 19:58:30,683 -  basehttp -  basehttp.py - "GET /products/cart/ HTTP/1.1" 404 2993
WARNING - 2022-06-05 19:58:36,102 -  log -  log.py - Not Found: /order/1
WARNING - 2022-06-05 19:58:36,346 -  basehttp -  basehttp.py - "GET /order/1 HTTP/1.1" 404 2332
WARNING - 2022-06-05 19:58:39,913 -  log -  log.py - Not Found: /order/1/
WARNING - 2022-06-05 19:58:40,243 -  basehttp -  basehttp.py - "GET /order/1/ HTTP/1.1" 404 2335
INFO - 2022-06-05 19:58:54,018 -  basehttp -  basehttp.py - "GET /products/ HTTP/1.1" 200 2842
INFO - 2022-06-05 19:58:54,227 -  basehttp -  basehttp.py - "GET /static/style_by_zeh_1.css HTTP/1.1" 304 0
WARNING - 2022-06-05 19:58:59,742 -  log -  log.py - Not Found: /products/order/1/
WARNING - 2022-06-05 19:58:59,943 -  basehttp -  basehttp.py - "GET /products/order/1/ HTTP/1.1" 404 3097
INFO - 2022-06-05 19:59:01,730 -  basehttp -  basehttp.py - "GET /products/order/1 HTTP/1.1" 301 0
WARNING - 2022-06-05 19:59:01,974 -  log -  log.py - Not Found: /products/order/1/
WARNING - 2022-06-05 19:59:02,181 -  basehttp -  basehttp.py - "GET /products/order/1/ HTTP/1.1" 404 3097
INFO - 2022-06-05 19:59:07,542 -  basehttp -  basehttp.py - "GET /products/order/70 HTTP/1.1" 301 0
INFO - 2022-06-05 19:59:07,781 -  basehttp -  basehttp.py - "GET /products/order/70/ HTTP/1.1" 200 123
INFO - 2022-06-05 20:01:14,526 -  basehttp -  basehttp.py - "GET /products/order/70/ HTTP/1.1" 200 947
INFO - 2022-06-05 20:01:14,970 -  basehttp -  basehttp.py - "GET /static/style_by_zeh_1.css HTTP/1.1" 304 0
INFO - 2022-06-05 20:01:37,061 -  basehttp -  basehttp.py - "GET /products/order/70/ HTTP/1.1" 200 947
INFO - 2022-06-05 20:01:39,498 -  basehttp -  basehttp.py - "GET /products/ HTTP/1.1" 200 2842
INFO - 2022-06-05 20:01:41,550 -  basehttp -  basehttp.py - "GET /products/orders/ HTTP/1.1" 200 7515
INFO - 2022-06-05 20:02:32,462 -  basehttp -  basehttp.py - "GET /products/orders/ HTTP/1.1" 200 7515
INFO - 2022-06-05 20:02:33,945 -  basehttp -  basehttp.py - "GET /products/orders/ HTTP/1.1" 200 7515
INFO - 2022-06-05 20:02:36,641 -  basehttp -  basehttp.py - "GET /products/ HTTP/1.1" 200 2842
INFO - 2022-06-05 20:02:44,198 -  basehttp -  basehttp.py - "GET /products/order/70/ HTTP/1.1" 200 947
INFO - 2022-06-05 20:02:45,978 -  basehttp -  basehttp.py - "GET /products/order/70/ HTTP/1.1" 200 947
INFO - 2022-06-05 20:02:49,160 -  basehttp -  basehttp.py - "GET /products/ HTTP/1.1" 200 2842
INFO - 2022-06-05 20:02:51,879 -  basehttp -  basehttp.py - "GET /products/orders/ HTTP/1.1" 200 7515
INFO - 2022-06-05 20:03:03,025 -  basehttp -  basehttp.py - "GET /products/orders/ HTTP/1.1" 200 7515
INFO - 2022-06-05 20:03:03,712 -  basehttp -  basehttp.py - "GET /products/orders/ HTTP/1.1" 200 7515
INFO - 2022-06-05 20:03:03,983 -  basehttp -  basehttp.py - "GET /static/style_by_zeh_1.css HTTP/1.1" 304 0
INFO - 2022-06-05 20:03:04,236 -  basehttp -  basehttp.py - "GET /products/orders/ HTTP/1.1" 200 7515
INFO - 2022-06-05 20:03:04,686 -  basehttp -  basehttp.py - "GET /products/orders/ HTTP/1.1" 200 7515
INFO - 2022-06-05 20:03:05,054 -  basehttp -  basehttp.py - "GET /products/orders/ HTTP/1.1" 200 7515
INFO - 2022-06-05 20:03:05,622 -  basehttp -  basehttp.py - "GET /products/orders/ HTTP/1.1" 200 7515
INFO - 2022-06-05 20:03:06,284 -  basehttp -  basehttp.py - "GET /products/orders/ HTTP/1.1" 200 7515
INFO - 2022-06-05 20:03:06,706 -  basehttp -  basehttp.py - "GET /products/orders/ HTTP/1.1" 200 7515
INFO - 2022-06-05 20:03:08,261 -  basehttp -  basehttp.py - "GET /products/ HTTP/1.1" 200 2842
INFO - 2022-06-05 20:03:12,521 -  basehttp -  basehttp.py - "GET /products/order/70/ HTTP/1.1" 200 972
INFO - 2022-06-05 20:03:32,862 -  basehttp -  basehttp.py - "GET /products/order/70/ HTTP/1.1" 200 972
INFO - 2022-06-05 20:03:35,012 -  basehttp -  basehttp.py - "GET /products/ HTTP/1.1" 200 2842
WARNING - 2022-06-05 20:04:20,600 -  log -  log.py - Not Found: /products/cart/
WARNING - 2022-06-05 20:04:20,938 -  basehttp -  basehttp.py - "GET /products/cart/ HTTP/1.1" 404 2993
INFO - 2022-06-05 20:04:25,242 -  basehttp -  basehttp.py - "GET /products/ HTTP/1.1" 200 2842
INFO - 2022-06-05 20:04:27,950 -  basehttp -  basehttp.py - "GET /products/2/ HTTP/1.1" 200 1577
INFO - 2022-06-05 20:04:31,103 -  basehttp -  basehttp.py - "GET /products/ HTTP/1.1" 200 2842
INFO - 2022-06-05 20:04:33,701 -  basehttp -  basehttp.py - "GET /products/2/ HTTP/1.1" 200 1577
INFO - 2022-06-05 20:04:55,436 -  basehttp -  basehttp.py - "GET /products/2/ HTTP/1.1" 200 1577
INFO - 2022-06-05 20:04:56,470 -  basehttp -  basehttp.py - "GET /products/2/ HTTP/1.1" 200 1577
INFO - 2022-06-05 20:04:57,211 -  basehttp -  basehttp.py - "GET /products/2/ HTTP/1.1" 200 1577
INFO - 2022-06-05 20:04:57,980 -  basehttp -  basehttp.py - "GET /products/2/ HTTP/1.1" 200 1577
INFO - 2022-06-05 20:04:59,163 -  basehttp -  basehttp.py - "GET /products/2/ HTTP/1.1" 200 1577
INFO - 2022-06-05 20:04:59,770 -  basehttp -  basehttp.py - "GET /products/2/ HTTP/1.1" 200 1577
INFO - 2022-06-05 20:05:27,288 -  basehttp -  basehttp.py - "GET /products/2/ HTTP/1.1" 200 1578
INFO - 2022-06-05 20:05:27,665 -  basehttp -  basehttp.py - "GET /static/style_by_zeh_11.css HTTP/1.1" 200 1618
INFO - 2022-06-05 20:05:28,357 -  basehttp -  basehttp.py - "GET /products/2/ HTTP/1.1" 200 1578
INFO - 2022-06-05 20:05:34,500 -  basehttp -  basehttp.py - "GET /products/ HTTP/1.1" 200 2843
INFO - 2022-06-05 20:05:34,829 -  basehttp -  basehttp.py - "GET /static/style_by_zeh_11.css HTTP/1.1" 304 0
INFO - 2022-06-05 20:05:36,522 -  basehttp -  basehttp.py - "GET /products/3/ HTTP/1.1" 200 1469
INFO - 2022-06-05 20:05:42,958 -  basehttp -  basehttp.py - "GET /products/ HTTP/1.1" 200 2843
INFO - 2022-06-05 20:05:43,430 -  basehttp -  basehttp.py - "GET /static/style_by_zeh_11.css HTTP/1.1" 304 0
INFO - 2022-06-05 20:05:44,496 -  basehttp -  basehttp.py - "GET /products/1/ HTTP/1.1" 200 1512
INFO - 2022-06-05 20:05:47,643 -  basehttp -  basehttp.py - "GET /products/ HTTP/1.1" 200 2843
INFO - 2022-06-05 20:05:49,064 -  basehttp -  basehttp.py - "GET /products/3/ HTTP/1.1" 200 1469
INFO - 2022-06-05 20:05:49,449 -  basehttp -  basehttp.py - "GET /static/style_by_zeh_11.css HTTP/1.1" 304 0
INFO - 2022-06-05 20:06:48,755 -  autoreload -  autoreload.py - C:\Users\ilush\Desktop\proj_store\store\basket\views.py changed, reloading.
INFO - 2022-06-05 20:07:11,422 -  autoreload -  autoreload.py - Watching for file changes with StatReloader
INFO - 2022-06-05 20:08:15,825 -  autoreload -  autoreload.py - C:\Users\ilush\Desktop\proj_store\store\basket\views.py changed, reloading.
INFO - 2022-06-05 20:08:37,860 -  autoreload -  autoreload.py - Watching for file changes with StatReloader
INFO - 2022-06-05 20:08:59,789 -  basehttp -  basehttp.py - "GET /products/3/ HTTP/1.1" 200 1469
INFO - 2022-06-05 20:09:21,099 -  basehttp -  basehttp.py - "GET /static/style_by_zeh_11.css HTTP/1.1" 304 0
INFO - 2022-06-05 20:09:39,605 -  basehttp -  basehttp.py - "GET /products/ HTTP/1.1" 200 2843
INFO - 2022-06-05 20:09:42,394 -  basehttp -  basehttp.py - - Broken pipe from ('127.0.0.1', 54482)

ERROR - 2022-06-05 20:09:49,636 -  log -  log.py - Internal Server Error: /products/order/70/
Traceback (most recent call last):
  File "C:\Users\ilush\Desktop\proj_store\lib\site-packages\django\core\handlers\exception.py", line 55, in inner
    response = get_response(request)
  File "C:\Users\ilush\Desktop\proj_store\lib\site-packages\django\core\handlers\base.py", line 197, in _get_response
    response = wrapped_callback(request, *callback_args, **callback_kwargs)
  File "C:\Users\ilush\Desktop\proj_store\store\basket\views.py", line 70, in order_show
    orders = Cart.objects.filter(ordet_id=pk)
  File "C:\Users\ilush\Desktop\proj_store\lib\site-packages\django\db\models\manager.py", line 85, in manager_method
    return getattr(self.get_queryset(), name)(*args, **kwargs)
  File "C:\Users\ilush\Desktop\proj_store\lib\site-packages\django\db\models\query.py", line 1071, in filter
    return self._filter_or_exclude(False, args, kwargs)
  File "C:\Users\ilush\Desktop\proj_store\lib\site-packages\django\db\models\query.py", line 1089, in _filter_or_exclude
    clone._filter_or_exclude_inplace(negate, args, kwargs)
  File "C:\Users\ilush\Desktop\proj_store\lib\site-packages\django\db\models\query.py", line 1096, in _filter_or_exclude_inplace
    self._query.add_q(Q(*args, **kwargs))
  File "C:\Users\ilush\Desktop\proj_store\lib\site-packages\django\db\models\sql\query.py", line 1502, in add_q
    clause, _ = self._add_q(q_object, self.used_aliases)
  File "C:\Users\ilush\Desktop\proj_store\lib\site-packages\django\db\models\sql\query.py", line 1532, in _add_q
    child_clause, needed_inner = self.build_filter(
  File "C:\Users\ilush\Desktop\proj_store\lib\site-packages\django\db\models\sql\query.py", line 1377, in build_filter
    lookups, parts, reffed_expression = self.solve_lookup_type(arg)
  File "C:\Users\ilush\Desktop\proj_store\lib\site-packages\django\db\models\sql\query.py", line 1187, in solve_lookup_type
    _, field, _, lookup_parts = self.names_to_path(lookup_splitted, self.get_meta())
  File "C:\Users\ilush\Desktop\proj_store\lib\site-packages\django\db\models\sql\query.py", line 1677, in names_to_path
    raise FieldError(
django.core.exceptions.FieldError: Cannot resolve keyword 'ordet_id' into field. Choices are: count, id, order, order_id, product, product_id
ERROR - 2022-06-05 20:09:51,324 -  log -  log.py - Internal Server Error: /products/order/70/
Traceback (most recent call last):
  File "C:\Users\ilush\Desktop\proj_store\lib\site-packages\django\core\handlers\exception.py", line 55, in inner
    response = get_response(request)
  File "C:\Users\ilush\Desktop\proj_store\lib\site-packages\django\core\handlers\base.py", line 197, in _get_response
    response = wrapped_callback(request, *callback_args, **callback_kwargs)
  File "C:\Users\ilush\Desktop\proj_store\store\basket\views.py", line 70, in order_show
    orders = Cart.objects.filter(ordet_id=pk)
  File "C:\Users\ilush\Desktop\proj_store\lib\site-packages\django\db\models\manager.py", line 85, in manager_method
    return getattr(self.get_queryset(), name)(*args, **kwargs)
  File "C:\Users\ilush\Desktop\proj_store\lib\site-packages\django\db\models\query.py", line 1071, in filter
    return self._filter_or_exclude(False, args, kwargs)
  File "C:\Users\ilush\Desktop\proj_store\lib\site-packages\django\db\models\query.py", line 1089, in _filter_or_exclude
    clone._filter_or_exclude_inplace(negate, args, kwargs)
  File "C:\Users\ilush\Desktop\proj_store\lib\site-packages\django\db\models\query.py", line 1096, in _filter_or_exclude_inplace
    self._query.add_q(Q(*args, **kwargs))
  File "C:\Users\ilush\Desktop\proj_store\lib\site-packages\django\db\models\sql\query.py", line 1502, in add_q
    clause, _ = self._add_q(q_object, self.used_aliases)
  File "C:\Users\ilush\Desktop\proj_store\lib\site-packages\django\db\models\sql\query.py", line 1532, in _add_q
    child_clause, needed_inner = self.build_filter(
  File "C:\Users\ilush\Desktop\proj_store\lib\site-packages\django\db\models\sql\query.py", line 1377, in build_filter
    lookups, parts, reffed_expression = self.solve_lookup_type(arg)
  File "C:\Users\ilush\Desktop\proj_store\lib\site-packages\django\db\models\sql\query.py", line 1187, in solve_lookup_type
    _, field, _, lookup_parts = self.names_to_path(lookup_splitted, self.get_meta())
  File "C:\Users\ilush\Desktop\proj_store\lib\site-packages\django\db\models\sql\query.py", line 1677, in names_to_path
    raise FieldError(
django.core.exceptions.FieldError: Cannot resolve keyword 'ordet_id' into field. Choices are: count, id, order, order_id, product, product_id
ERROR - 2022-06-05 20:09:51,938 -  log -  log.py - Internal Server Error: /products/order/70/
Traceback (most recent call last):
  File "C:\Users\ilush\Desktop\proj_store\lib\site-packages\django\core\handlers\exception.py", line 55, in inner
    response = get_response(request)
  File "C:\Users\ilush\Desktop\proj_store\lib\site-packages\django\core\handlers\base.py", line 197, in _get_response
    response = wrapped_callback(request, *callback_args, **callback_kwargs)
  File "C:\Users\ilush\Desktop\proj_store\store\basket\views.py", line 70, in order_show
    orders = Cart.objects.filter(ordet_id=pk)
  File "C:\Users\ilush\Desktop\proj_store\lib\site-packages\django\db\models\manager.py", line 85, in manager_method
    return getattr(self.get_queryset(), name)(*args, **kwargs)
  File "C:\Users\ilush\Desktop\proj_store\lib\site-packages\django\db\models\query.py", line 1071, in filter
    return self._filter_or_exclude(False, args, kwargs)
  File "C:\Users\ilush\Desktop\proj_store\lib\site-packages\django\db\models\query.py", line 1089, in _filter_or_exclude
    clone._filter_or_exclude_inplace(negate, args, kwargs)
  File "C:\Users\ilush\Desktop\proj_store\lib\site-packages\django\db\models\query.py", line 1096, in _filter_or_exclude_inplace
    self._query.add_q(Q(*args, **kwargs))
  File "C:\Users\ilush\Desktop\proj_store\lib\site-packages\django\db\models\sql\query.py", line 1502, in add_q
    clause, _ = self._add_q(q_object, self.used_aliases)
  File "C:\Users\ilush\Desktop\proj_store\lib\site-packages\django\db\models\sql\query.py", line 1532, in _add_q
    child_clause, needed_inner = self.build_filter(
  File "C:\Users\ilush\Desktop\proj_store\lib\site-packages\django\db\models\sql\query.py", line 1377, in build_filter
    lookups, parts, reffed_expression = self.solve_lookup_type(arg)
  File "C:\Users\ilush\Desktop\proj_store\lib\site-packages\django\db\models\sql\query.py", line 1187, in solve_lookup_type
    _, field, _, lookup_parts = self.names_to_path(lookup_splitted, self.get_meta())
  File "C:\Users\ilush\Desktop\proj_store\lib\site-packages\django\db\models\sql\query.py", line 1677, in names_to_path
    raise FieldError(
django.core.exceptions.FieldError: Cannot resolve keyword 'ordet_id' into field. Choices are: count, id, order, order_id, product, product_id
ERROR - 2022-06-05 20:09:52,245 -  log -  log.py - Internal Server Error: /products/order/70/
Traceback (most recent call last):
  File "C:\Users\ilush\Desktop\proj_store\lib\site-packages\django\core\handlers\exception.py", line 55, in inner
    response = get_response(request)
  File "C:\Users\ilush\Desktop\proj_store\lib\site-packages\django\core\handlers\base.py", line 197, in _get_response
    response = wrapped_callback(request, *callback_args, **callback_kwargs)
  File "C:\Users\ilush\Desktop\proj_store\store\basket\views.py", line 70, in order_show
    orders = Cart.objects.filter(ordet_id=pk)
  File "C:\Users\ilush\Desktop\proj_store\lib\site-packages\django\db\models\manager.py", line 85, in manager_method
    return getattr(self.get_queryset(), name)(*args, **kwargs)
  File "C:\Users\ilush\Desktop\proj_store\lib\site-packages\django\db\models\query.py", line 1071, in filter
    return self._filter_or_exclude(False, args, kwargs)
  File "C:\Users\ilush\Desktop\proj_store\lib\site-packages\django\db\models\query.py", line 1089, in _filter_or_exclude
    clone._filter_or_exclude_inplace(negate, args, kwargs)
  File "C:\Users\ilush\Desktop\proj_store\lib\site-packages\django\db\models\query.py", line 1096, in _filter_or_exclude_inplace
    self._query.add_q(Q(*args, **kwargs))
  File "C:\Users\ilush\Desktop\proj_store\lib\site-packages\django\db\models\sql\query.py", line 1502, in add_q
    clause, _ = self._add_q(q_object, self.used_aliases)
  File "C:\Users\ilush\Desktop\proj_store\lib\site-packages\django\db\models\sql\query.py", line 1532, in _add_q
    child_clause, needed_inner = self.build_filter(
  File "C:\Users\ilush\Desktop\proj_store\lib\site-packages\django\db\models\sql\query.py", line 1377, in build_filter
    lookups, parts, reffed_expression = self.solve_lookup_type(arg)
  File "C:\Users\ilush\Desktop\proj_store\lib\site-packages\django\db\models\sql\query.py", line 1187, in solve_lookup_type
    _, field, _, lookup_parts = self.names_to_path(lookup_splitted, self.get_meta())
  File "C:\Users\ilush\Desktop\proj_store\lib\site-packages\django\db\models\sql\query.py", line 1677, in names_to_path
    raise FieldError(
django.core.exceptions.FieldError: Cannot resolve keyword 'ordet_id' into field. Choices are: count, id, order, order_id, product, product_id
ERROR - 2022-06-05 20:09:52,535 -  log -  log.py - Internal Server Error: /products/order/70/
Traceback (most recent call last):
  File "C:\Users\ilush\Desktop\proj_store\lib\site-packages\django\core\handlers\exception.py", line 55, in inner
    response = get_response(request)
  File "C:\Users\ilush\Desktop\proj_store\lib\site-packages\django\core\handlers\base.py", line 197, in _get_response
    response = wrapped_callback(request, *callback_args, **callback_kwargs)
  File "C:\Users\ilush\Desktop\proj_store\store\basket\views.py", line 70, in order_show
    orders = Cart.objects.filter(ordet_id=pk)
  File "C:\Users\ilush\Desktop\proj_store\lib\site-packages\django\db\models\manager.py", line 85, in manager_method
    return getattr(self.get_queryset(), name)(*args, **kwargs)
  File "C:\Users\ilush\Desktop\proj_store\lib\site-packages\django\db\models\query.py", line 1071, in filter
    return self._filter_or_exclude(False, args, kwargs)
  File "C:\Users\ilush\Desktop\proj_store\lib\site-packages\django\db\models\query.py", line 1089, in _filter_or_exclude
    clone._filter_or_exclude_inplace(negate, args, kwargs)
  File "C:\Users\ilush\Desktop\proj_store\lib\site-packages\django\db\models\query.py", line 1096, in _filter_or_exclude_inplace
    self._query.add_q(Q(*args, **kwargs))
  File "C:\Users\ilush\Desktop\proj_store\lib\site-packages\django\db\models\sql\query.py", line 1502, in add_q
    clause, _ = self._add_q(q_object, self.used_aliases)
  File "C:\Users\ilush\Desktop\proj_store\lib\site-packages\django\db\models\sql\query.py", line 1532, in _add_q
    child_clause, needed_inner = self.build_filter(
  File "C:\Users\ilush\Desktop\proj_store\lib\site-packages\django\db\models\sql\query.py", line 1377, in build_filter
    lookups, parts, reffed_expression = self.solve_lookup_type(arg)
  File "C:\Users\ilush\Desktop\proj_store\lib\site-packages\django\db\models\sql\query.py", line 1187, in solve_lookup_type
    _, field, _, lookup_parts = self.names_to_path(lookup_splitted, self.get_meta())
  File "C:\Users\ilush\Desktop\proj_store\lib\site-packages\django\db\models\sql\query.py", line 1677, in names_to_path
    raise FieldError(
django.core.exceptions.FieldError: Cannot resolve keyword 'ordet_id' into field. Choices are: count, id, order, order_id, product, product_id
ERROR - 2022-06-05 20:10:03,941 -  log -  log.py - Internal Server Error: /products/order/70/
Traceback (most recent call last):
  File "C:\Users\ilush\Desktop\proj_store\lib\site-packages\django\core\handlers\exception.py", line 55, in inner
    response = get_response(request)
  File "C:\Users\ilush\Desktop\proj_store\lib\site-packages\django\core\handlers\base.py", line 197, in _get_response
    response = wrapped_callback(request, *callback_args, **callback_kwargs)
  File "C:\Users\ilush\Desktop\proj_store\store\basket\views.py", line 70, in order_show
    orders = Cart.objects.filter(ordet_id=pk)
  File "C:\Users\ilush\Desktop\proj_store\lib\site-packages\django\db\models\manager.py", line 85, in manager_method
    return getattr(self.get_queryset(), name)(*args, **kwargs)
  File "C:\Users\ilush\Desktop\proj_store\lib\site-packages\django\db\models\query.py", line 1071, in filter
    return self._filter_or_exclude(False, args, kwargs)
  File "C:\Users\ilush\Desktop\proj_store\lib\site-packages\django\db\models\query.py", line 1089, in _filter_or_exclude
    clone._filter_or_exclude_inplace(negate, args, kwargs)
  File "C:\Users\ilush\Desktop\proj_store\lib\site-packages\django\db\models\query.py", line 1096, in _filter_or_exclude_inplace
    self._query.add_q(Q(*args, **kwargs))
  File "C:\Users\ilush\Desktop\proj_store\lib\site-packages\django\db\models\sql\query.py", line 1502, in add_q
    clause, _ = self._add_q(q_object, self.used_aliases)
  File "C:\Users\ilush\Desktop\proj_store\lib\site-packages\django\db\models\sql\query.py", line 1532, in _add_q
    child_clause, needed_inner = self.build_filter(
  File "C:\Users\ilush\Desktop\proj_store\lib\site-packages\django\db\models\sql\query.py", line 1377, in build_filter
    lookups, parts, reffed_expression = self.solve_lookup_type(arg)
  File "C:\Users\ilush\Desktop\proj_store\lib\site-packages\django\db\models\sql\query.py", line 1187, in solve_lookup_type
    _, field, _, lookup_parts = self.names_to_path(lookup_splitted, self.get_meta())
  File "C:\Users\ilush\Desktop\proj_store\lib\site-packages\django\db\models\sql\query.py", line 1677, in names_to_path
    raise FieldError(
django.core.exceptions.FieldError: Cannot resolve keyword 'ordet_id' into field. Choices are: count, id, order, order_id, product, product_id
INFO - 2022-06-05 20:10:13,006 -  autoreload -  autoreload.py - C:\Users\ilush\Desktop\proj_store\store\basket\views.py changed, reloading.
INFO - 2022-06-05 20:10:22,010 -  basehttp -  basehttp.py - "GET /products/ HTTP/1.1" 200 2843
INFO - 2022-06-05 20:10:46,579 -  basehttp -  basehttp.py - - Broken pipe from ('127.0.0.1', 54484)

INFO - 2022-06-05 20:11:08,017 -  basehttp -  basehttp.py - - Broken pipe from ('127.0.0.1', 54508)

INFO - 2022-06-05 20:11:08,682 -  basehttp -  basehttp.py - "GET /static/style_by_zeh_11.css HTTP/1.1" 200 1618
WARNING - 2022-06-05 20:11:20,426 -  log -  log.py - Not Found: /products/70/
INFO - 2022-06-05 20:11:29,411 -  basehttp -  basehttp.py - - Broken pipe from ('127.0.0.1', 54510)

INFO - 2022-06-05 20:11:29,748 -  basehttp -  basehttp.py - - Broken pipe from ('127.0.0.1', 54512)

INFO - 2022-06-05 20:11:30,146 -  basehttp -  basehttp.py - - Broken pipe from ('127.0.0.1', 54514)

INFO - 2022-06-05 20:13:09,473 -  autoreload -  autoreload.py - Watching for file changes with StatReloader
WARNING - 2022-06-05 20:13:14,111 -  log -  log.py - Not Found: /
WARNING - 2022-06-05 20:13:14,364 -  basehttp -  basehttp.py - "GET / HTTP/1.1" 404 2293
INFO - 2022-06-05 20:13:17,971 -  basehttp -  basehttp.py - "GET /products/ HTTP/1.1" 200 2843
INFO - 2022-06-05 20:13:18,203 -  basehttp -  basehttp.py - "GET /static/style_by_zeh_11.css HTTP/1.1" 304 0
INFO - 2022-06-05 20:13:20,689 -  basehttp -  basehttp.py - "GET /products/order/70/ HTTP/1.1" 200 920
INFO - 2022-06-05 20:16:33,988 -  basehttp -  basehttp.py - "GET /products/order/70/ HTTP/1.1" 200 909
INFO - 2022-06-05 20:16:34,289 -  basehttp -  basehttp.py - "GET /static/style_by_zeh_11.css HTTP/1.1" 304 0
INFO - 2022-06-05 20:16:42,737 -  basehttp -  basehttp.py - "GET /products/orders/ HTTP/1.1" 200 7516
INFO - 2022-06-05 20:16:49,130 -  basehttp -  basehttp.py - "GET /products/ HTTP/1.1" 200 2843
INFO - 2022-06-05 20:16:54,081 -  basehttp -  basehttp.py - "GET /products/order/68 HTTP/1.1" 301 0
INFO - 2022-06-05 20:16:54,444 -  basehttp -  basehttp.py - "GET /products/order/68/ HTTP/1.1" 200 1076
INFO - 2022-06-05 20:17:01,692 -  basehttp -  basehttp.py - "GET /products/ HTTP/1.1" 200 2843
INFO - 2022-06-05 20:18:01,196 -  basehttp -  basehttp.py - "GET /products/order/70/ HTTP/1.1" 200 904
INFO - 2022-06-05 20:18:01,541 -  basehttp -  basehttp.py - "GET /static/style_by_zeh_11.css HTTP/1.1" 304 0
INFO - 2022-06-05 20:18:07,220 -  basehttp -  basehttp.py - "GET /products/order/80/ HTTP/1.1" 200 731
INFO - 2022-06-05 20:19:09,928 -  basehttp -  basehttp.py - "GET /products/order/80/ HTTP/1.1" 200 430
INFO - 2022-06-05 20:19:10,999 -  basehttp -  basehttp.py - "GET /products/order/80/ HTTP/1.1" 200 430
INFO - 2022-06-05 20:19:11,685 -  basehttp -  basehttp.py - "GET /products/order/80/ HTTP/1.1" 200 430
INFO - 2022-06-05 20:19:47,279 -  basehttp -  basehttp.py - "GET /products/order/80/ HTTP/1.1" 200 745
INFO - 2022-06-05 20:19:47,599 -  basehttp -  basehttp.py - "GET /static/style_by_zeh_11.css HTTP/1.1" 304 0
INFO - 2022-06-05 20:19:48,582 -  basehttp -  basehttp.py - "GET /products/order/80/ HTTP/1.1" 200 745
INFO - 2022-06-05 20:20:06,391 -  basehttp -  basehttp.py - "GET /products/order/80/ HTTP/1.1" 200 749
INFO - 2022-06-05 20:20:07,123 -  basehttp -  basehttp.py - "GET /products/order/80/ HTTP/1.1" 200 749
INFO - 2022-06-05 20:20:10,245 -  basehttp -  basehttp.py - "GET /products/order/68/ HTTP/1.1" 200 1097
INFO - 2022-06-05 20:20:27,012 -  basehttp -  basehttp.py - "GET /products/ HTTP/1.1" 200 2843
INFO - 2022-06-05 20:20:28,516 -  basehttp -  basehttp.py - "GET /products/orders/ HTTP/1.1" 200 7516
INFO - 2022-06-05 20:20:36,374 -  basehttp -  basehttp.py - "GET /products/ HTTP/1.1" 200 2843
INFO - 2022-06-05 20:20:51,437 -  basehttp -  basehttp.py - "GET /products/orders/ HTTP/1.1" 200 7516
INFO - 2022-06-05 20:20:56,352 -  basehttp -  basehttp.py - "GET /products/ HTTP/1.1" 200 2843
INFO - 2022-06-05 20:20:57,276 -  basehttp -  basehttp.py - "GET /products/orders/ HTTP/1.1" 200 7516
INFO - 2022-06-05 20:21:01,312 -  basehttp -  basehttp.py - "GET /products/ HTTP/1.1" 200 2843
INFO - 2022-06-05 20:21:03,720 -  basehttp -  basehttp.py - "GET /products/2/ HTTP/1.1" 200 1578
INFO - 2022-06-05 20:21:06,368 -  basehttp -  basehttp.py - "GET /products/ HTTP/1.1" 200 2843
INFO - 2022-06-05 20:21:07,963 -  basehttp -  basehttp.py - "GET /products/orders/ HTTP/1.1" 200 7516
INFO - 2022-06-05 20:22:20,745 -  basehttp -  basehttp.py - "GET /products/orders/ HTTP/1.1" 200 8328
INFO - 2022-06-05 20:22:21,073 -  basehttp -  basehttp.py - "GET /static/style_by_zeh_11.css HTTP/1.1" 304 0
WARNING - 2022-06-05 20:22:23,413 -  log -  log.py - Not Found: /products/64/
WARNING - 2022-06-05 20:22:23,597 -  basehttp -  basehttp.py - "GET /products/64/ HTTP/1.1" 404 2708
WARNING - 2022-06-05 20:22:30,378 -  log -  log.py - Not Found: /products/66/
WARNING - 2022-06-05 20:22:30,584 -  basehttp -  basehttp.py - "GET /products/66/ HTTP/1.1" 404 2708
WARNING - 2022-06-05 20:22:33,339 -  log -  log.py - Not Found: /products/69/
WARNING - 2022-06-05 20:22:33,510 -  basehttp -  basehttp.py - "GET /products/69/ HTTP/1.1" 404 2708
WARNING - 2022-06-05 20:22:38,343 -  log -  log.py - Not Found: /products/72/
WARNING - 2022-06-05 20:22:38,566 -  basehttp -  basehttp.py - "GET /products/72/ HTTP/1.1" 404 2708
INFO - 2022-06-05 20:23:15,522 -  autoreload -  autoreload.py - C:\Users\ilush\Desktop\proj_store\store\basket\urls.py changed, reloading.
INFO - 2022-06-05 20:23:17,107 -  autoreload -  autoreload.py - Watching for file changes with StatReloader
INFO - 2022-06-05 20:23:17,930 -  basehttp -  basehttp.py - "GET /products/orders/ HTTP/1.1" 200 8502
INFO - 2022-06-05 20:23:18,903 -  basehttp -  basehttp.py - "GET /products/order/52/ HTTP/1.1" 200 1264
INFO - 2022-06-05 20:23:22,815 -  basehttp -  basehttp.py - "GET /products/order/58/ HTTP/1.1" 200 1264
INFO - 2022-06-05 20:23:29,401 -  basehttp -  basehttp.py - "GET /products/ HTTP/1.1" 200 2843
INFO - 2022-06-05 20:23:30,904 -  basehttp -  basehttp.py - "GET /products/orders/ HTTP/1.1" 200 8502
INFO - 2022-06-05 20:23:33,564 -  basehttp -  basehttp.py - "GET /products/ HTTP/1.1" 200 2843
INFO - 2022-06-05 20:23:42,472 -  basehttp -  basehttp.py - "GET /products/orders/ HTTP/1.1" 200 8502
INFO - 2022-06-05 20:23:46,439 -  basehttp -  basehttp.py - "GET /products/order/67/ HTTP/1.1" 200 926
INFO - 2022-06-05 20:24:23,452 -  basehttp -  basehttp.py - "GET /products/order/67/ HTTP/1.1" 200 1003
INFO - 2022-06-05 20:24:23,751 -  basehttp -  basehttp.py - "GET /static/style_by_zeh_11.css HTTP/1.1" 304 0
INFO - 2022-06-05 20:24:25,021 -  basehttp -  basehttp.py - "GET /products/orders/ HTTP/1.1" 200 8502
INFO - 2022-06-05 20:24:34,339 -  basehttp -  basehttp.py - "GET /products/ HTTP/1.1" 200 2843
INFO - 2022-06-05 20:24:35,879 -  basehttp -  basehttp.py - "GET /products/orders/ HTTP/1.1" 200 8502
INFO - 2022-06-05 20:24:38,966 -  basehttp -  basehttp.py - "GET /products/ HTTP/1.1" 200 2843
INFO - 2022-06-05 20:24:41,573 -  basehttp -  basehttp.py - "GET /products/orders/ HTTP/1.1" 200 8502
INFO - 2022-06-05 20:24:42,868 -  basehttp -  basehttp.py - "GET /products/order/44/ HTTP/1.1" 200 826
INFO - 2022-06-05 20:24:44,011 -  basehttp -  basehttp.py - "GET /products/ HTTP/1.1" 200 2843
INFO - 2022-06-05 20:24:50,854 -  basehttp -  basehttp.py - "GET /admin/ HTTP/1.1" 200 8062
INFO - 2022-06-05 20:24:53,211 -  basehttp -  basehttp.py - "GET /admin/basket/order/ HTTP/1.1" 200 13996
INFO - 2022-06-05 20:24:53,638 -  basehttp -  basehttp.py - "GET /admin/jsi18n/ HTTP/1.1" 200 15618
INFO - 2022-06-05 20:24:57,246 -  basehttp -  basehttp.py - "POST /admin/basket/order/ HTTP/1.1" 200 16362
INFO - 2022-06-05 20:24:59,927 -  basehttp -  basehttp.py - "POST /admin/basket/order/ HTTP/1.1" 302 0
INFO - 2022-06-05 20:25:00,184 -  basehttp -  basehttp.py - "GET /admin/basket/order/ HTTP/1.1" 200 6189
INFO - 2022-06-05 20:25:00,526 -  basehttp -  basehttp.py - "GET /admin/jsi18n/ HTTP/1.1" 200 15618
INFO - 2022-06-05 20:25:04,914 -  basehttp -  basehttp.py - "GET /admin/basket/cart/ HTTP/1.1" 200 6141
INFO - 2022-06-05 20:25:05,244 -  basehttp -  basehttp.py - "GET /admin/jsi18n/ HTTP/1.1" 200 15618
INFO - 2022-06-05 20:25:06,048 -  basehttp -  basehttp.py - "GET /admin/basket/product/ HTTP/1.1" 200 7739
INFO - 2022-06-05 20:25:06,411 -  basehttp -  basehttp.py - "GET /admin/jsi18n/ HTTP/1.1" 200 15618
INFO - 2022-06-05 20:25:07,516 -  basehttp -  basehttp.py - "GET /admin/basket/cart/ HTTP/1.1" 200 6141
INFO - 2022-06-05 20:25:07,850 -  basehttp -  basehttp.py - "GET /admin/jsi18n/ HTTP/1.1" 200 15618
INFO - 2022-06-05 20:25:09,735 -  basehttp -  basehttp.py - "GET /admin/basket/cart/ HTTP/1.1" 200 6141
INFO - 2022-06-05 20:25:10,123 -  basehttp -  basehttp.py - "GET /admin/jsi18n/ HTTP/1.1" 200 15618
INFO - 2022-06-05 20:29:53,608 -  basehttp -  basehttp.py - "GET /products/ HTTP/1.1" 200 2843
INFO - 2022-06-05 20:30:00,453 -  basehttp -  basehttp.py - "GET /admin/ HTTP/1.1" 200 8047
INFO - 2022-06-05 20:30:05,254 -  basehttp -  basehttp.py - "GET /admin/basket/product/ HTTP/1.1" 200 7739
INFO - 2022-06-05 20:30:14,879 -  basehttp -  basehttp.py - - Broken pipe from ('127.0.0.1', 54753)

INFO - 2022-06-05 20:30:25,308 -  basehttp -  basehttp.py - "GET /admin/basket/product/ HTTP/1.1" 200 7739
INFO - 2022-06-05 20:30:36,217 -  basehttp -  basehttp.py - - Broken pipe from ('127.0.0.1', 54952)

INFO - 2022-06-05 20:30:50,902 -  basehttp -  basehttp.py - "GET /admin/ HTTP/1.1" 200 8047
INFO - 2022-06-05 20:30:57,400 -  basehttp -  basehttp.py - - Broken pipe from ('127.0.0.1', 54956)

INFO - 2022-06-05 20:41:05,091 -  autoreload -  autoreload.py - Watching for file changes with StatReloader
WARNING - 2022-06-05 20:41:08,618 -  log -  log.py - Not Found: /
WARNING - 2022-06-05 20:41:09,268 -  basehttp -  basehttp.py - "GET / HTTP/1.1" 404 2293
WARNING - 2022-06-05 20:41:10,763 -  log -  log.py - Not Found: /favicon.ico
WARNING - 2022-06-05 20:41:11,033 -  basehttp -  basehttp.py - "GET /favicon.ico HTTP/1.1" 404 2344
INFO - 2022-06-05 20:41:13,933 -  basehttp -  basehttp.py - "GET /products/ HTTP/1.1" 200 2843
INFO - 2022-06-05 20:41:14,218 -  basehttp -  basehttp.py - "GET /static/style_by_zeh_11.css HTTP/1.1" 200 1618
INFO - 2022-06-05 20:41:15,908 -  basehttp -  basehttp.py - "GET /products/3/ HTTP/1.1" 200 1469
INFO - 2022-06-05 20:41:18,332 -  basehttp -  basehttp.py - "GET /products/ HTTP/1.1" 200 2843
INFO - 2022-06-05 20:41:20,914 -  basehttp -  basehttp.py - "GET /products/orders/ HTTP/1.1" 200 827
INFO - 2022-06-05 20:41:22,110 -  basehttp -  basehttp.py - "GET /products/ HTTP/1.1" 200 2843
INFO - 2022-06-05 20:41:23,663 -  basehttp -  basehttp.py - "GET /products/1/ HTTP/1.1" 200 1512
INFO - 2022-06-05 20:41:25,276 -  basehttp -  basehttp.py - "GET /products/ HTTP/1.1" 200 2843
INFO - 2022-06-05 20:41:38,815 -  basehttp -  basehttp.py - "GET /admin/ HTTP/1.1" 200 8047
INFO - 2022-06-05 20:41:42,606 -  basehttp -  basehttp.py - "GET /admin/basket/product/ HTTP/1.1" 200 7739
INFO - 2022-06-05 20:41:43,074 -  basehttp -  basehttp.py - "GET /admin/jsi18n/ HTTP/1.1" 200 15618
INFO - 2022-06-05 20:41:45,725 -  basehttp -  basehttp.py - "GET /admin/basket/product/1/change/ HTTP/1.1" 200 10431
INFO - 2022-06-05 20:41:45,992 -  basehttp -  basehttp.py - "GET /admin/jsi18n/ HTTP/1.1" 200 15618
INFO - 2022-06-05 20:41:52,226 -  basehttp -  basehttp.py - "POST /admin/basket/product/1/change/ HTTP/1.1" 302 0
INFO - 2022-06-05 20:41:52,488 -  basehttp -  basehttp.py - "GET /admin/basket/product/ HTTP/1.1" 200 7956
INFO - 2022-06-05 20:41:52,751 -  basehttp -  basehttp.py - "GET /admin/jsi18n/ HTTP/1.1" 200 15618
INFO - 2022-06-05 20:41:54,520 -  basehttp -  basehttp.py - "GET /admin/basket/product/3/change/ HTTP/1.1" 200 10416
INFO - 2022-06-05 20:41:54,787 -  basehttp -  basehttp.py - "GET /admin/jsi18n/ HTTP/1.1" 200 15618
INFO - 2022-06-05 20:42:02,430 -  basehttp -  basehttp.py - "POST /admin/basket/product/3/change/ HTTP/1.1" 302 0
INFO - 2022-06-05 20:42:02,742 -  basehttp -  basehttp.py - "GET /admin/basket/product/ HTTP/1.1" 200 7966
INFO - 2022-06-05 20:42:03,044 -  basehttp -  basehttp.py - "GET /admin/jsi18n/ HTTP/1.1" 200 15618
INFO - 2022-06-05 20:42:04,445 -  basehttp -  basehttp.py - "GET /admin/basket/product/1/change/ HTTP/1.1" 200 10432
INFO - 2022-06-05 20:42:04,726 -  basehttp -  basehttp.py - "GET /admin/jsi18n/ HTTP/1.1" 200 15618
INFO - 2022-06-05 20:42:06,319 -  basehttp -  basehttp.py - "POST /admin/basket/product/1/change/ HTTP/1.1" 302 0
INFO - 2022-06-05 20:42:06,627 -  basehttp -  basehttp.py - "GET /admin/basket/product/ HTTP/1.1" 200 7956
INFO - 2022-06-05 20:42:06,951 -  basehttp -  basehttp.py - "GET /admin/jsi18n/ HTTP/1.1" 200 15618
INFO - 2022-06-05 20:42:08,448 -  basehttp -  basehttp.py - "GET /admin/basket/product/2/change/ HTTP/1.1" 200 10511
INFO - 2022-06-05 20:42:08,701 -  basehttp -  basehttp.py - "GET /admin/jsi18n/ HTTP/1.1" 200 15618
INFO - 2022-06-05 20:42:11,550 -  basehttp -  basehttp.py - "POST /admin/basket/product/2/change/ HTTP/1.1" 302 0
INFO - 2022-06-05 20:42:11,956 -  basehttp -  basehttp.py - "GET /admin/basket/product/ HTTP/1.1" 200 7960
INFO - 2022-06-05 20:42:12,342 -  basehttp -  basehttp.py - "GET /admin/jsi18n/ HTTP/1.1" 200 15618
INFO - 2022-06-05 20:42:12,915 -  basehttp -  basehttp.py - "GET /admin/basket/order/ HTTP/1.1" 200 6037
INFO - 2022-06-05 20:42:13,169 -  basehttp -  basehttp.py - "GET /admin/jsi18n/ HTTP/1.1" 200 15618
INFO - 2022-06-05 20:42:22,858 -  basehttp -  basehttp.py - "GET /products/ HTTP/1.1" 200 2847
INFO - 2022-06-05 20:42:36,731 -  views -  views.py - <QueryDict: {'name': ['Илья'], 'email': ['ilushamdma@yandex.ru'], 'csrfmiddlewaretoken': ['787DHSmJL809wOVa3XPyC1SHOOSEoVAaivjGdlqjtYgELqYXPrDRALhGzdCqDHIB'], '3': ['2'], '2': ['1'], '1': ['4']}>
INFO - 2022-06-05 20:42:37,302 -  basehttp -  basehttp.py - "POST /products/ HTTP/1.1" 200 3060
INFO - 2022-06-05 20:42:40,686 -  basehttp -  basehttp.py - "GET /products/orders/ HTTP/1.1" 200 1106
INFO - 2022-06-05 20:43:57,977 -  basehttp -  basehttp.py - "GET /products/orders/ HTTP/1.1" 200 1131
INFO - 2022-06-05 20:44:00,131 -  basehttp -  basehttp.py - "GET /products/ HTTP/1.1" 200 2847
INFO - 2022-06-05 20:44:00,329 -  basehttp -  basehttp.py - "GET /static/pg_2.png HTTP/1.1" 304 0
INFO - 2022-06-05 20:44:01,467 -  basehttp -  basehttp.py - "GET /products/orders/ HTTP/1.1" 200 1131
INFO - 2022-06-05 20:44:03,491 -  basehttp -  basehttp.py - "GET /products/order/73/ HTTP/1.1" 200 1341
INFO - 2022-06-05 20:44:08,362 -  basehttp -  basehttp.py - "GET /products/ HTTP/1.1" 200 2847
INFO - 2022-06-05 20:45:44,903 -  basehttp -  basehttp.py - "GET /products/orders/ HTTP/1.1" 200 1131
INFO - 2022-06-05 20:45:45,084 -  basehttp -  basehttp.py - "GET /static/bg.jpg HTTP/1.1" 304 0
INFO - 2022-06-05 20:45:45,328 -  basehttp -  basehttp.py - "GET /static/style_by_zeh_11.css HTTP/1.1" 304 0
INFO - 2022-06-05 20:45:47,559 -  basehttp -  basehttp.py - "GET /products/order/73/ HTTP/1.1" 200 1341
INFO - 2022-06-05 20:45:48,829 -  basehttp -  basehttp.py - "GET /products/ HTTP/1.1" 200 2847
INFO - 2022-06-05 20:45:50,234 -  basehttp -  basehttp.py - "GET /products/orders/ HTTP/1.1" 200 1131
INFO - 2022-06-05 20:45:51,121 -  basehttp -  basehttp.py - "GET /products/ HTTP/1.1" 200 2847
INFO - 2022-06-05 20:45:54,784 -  basehttp -  basehttp.py - "GET /products/2/ HTTP/1.1" 200 1579
INFO - 2022-06-05 20:45:56,984 -  basehttp -  basehttp.py - "GET /products/ HTTP/1.1" 200 2847
INFO - 2022-06-05 20:45:58,110 -  basehttp -  basehttp.py - "GET /products/2/ HTTP/1.1" 200 1579
INFO - 2022-06-05 20:45:59,507 -  basehttp -  basehttp.py - "GET /products/ HTTP/1.1" 200 2847
INFO - 2022-06-05 20:46:00,348 -  basehttp -  basehttp.py - "GET /products/1/ HTTP/1.1" 200 1513
INFO - 2022-06-05 20:46:03,282 -  basehttp -  basehttp.py - "GET /products/ HTTP/1.1" 200 2847
INFO - 2022-06-05 20:46:04,322 -  basehttp -  basehttp.py - "GET /products/3/ HTTP/1.1" 200 1470
INFO - 2022-06-05 20:46:18,310 -  basehttp -  basehttp.py - "GET /products/ HTTP/1.1" 200 2847
INFO - 2022-06-05 20:46:21,253 -  basehttp -  basehttp.py - "GET /products/orders/ HTTP/1.1" 200 1131
INFO - 2022-06-05 20:46:22,241 -  basehttp -  basehttp.py - "GET /products/ HTTP/1.1" 200 2847
INFO - 2022-06-05 20:46:23,544 -  basehttp -  basehttp.py - "GET /products/orders/ HTTP/1.1" 200 1131
INFO - 2022-06-05 20:46:25,222 -  basehttp -  basehttp.py - "GET /products/ HTTP/1.1" 200 2847
INFO - 2022-06-05 20:46:26,451 -  basehttp -  basehttp.py - "GET /products/orders/ HTTP/1.1" 200 1131
INFO - 2022-06-05 20:46:28,463 -  basehttp -  basehttp.py - "GET /products/order/73/ HTTP/1.1" 200 1341
INFO - 2022-06-05 20:46:31,176 -  basehttp -  basehttp.py - "GET /products/ HTTP/1.1" 200 2847
INFO - 2022-06-05 20:46:32,927 -  basehttp -  basehttp.py - "GET /products/orders/ HTTP/1.1" 200 1131
INFO - 2022-06-05 20:46:34,897 -  basehttp -  basehttp.py - "GET /products/ HTTP/1.1" 200 2847
INFO - 2022-06-05 20:47:32,742 -  basehttp -  basehttp.py - "GET /admin/basket/product/ HTTP/1.1" 200 7739
INFO - 2022-06-05 20:47:40,792 -  basehttp -  basehttp.py - "GET /admin/basket/product/ HTTP/1.1" 200 7739
INFO - 2022-06-05 20:47:54,082 -  basehttp -  basehttp.py - - Broken pipe from ('127.0.0.1', 55915)

INFO - 2022-06-05 20:48:07,632 -  basehttp -  basehttp.py - "GET /admin/ HTTP/1.1" 200 8137
INFO - 2022-06-05 20:48:11,017 -  basehttp -  basehttp.py - "GET /admin/basket/product/ HTTP/1.1" 200 7739
INFO - 2022-06-05 20:48:15,286 -  basehttp -  basehttp.py - - Broken pipe from ('127.0.0.1', 56080)

INFO - 2022-06-05 20:48:56,864 -  basehttp -  basehttp.py - "GET /admin/ HTTP/1.1" 200 8137
INFO - 2022-06-05 20:48:57,796 -  basehttp -  basehttp.py - - Broken pipe from ('127.0.0.1', 56154)

INFO - 2022-06-05 20:49:00,060 -  basehttp -  basehttp.py - "GET /admin/basket/product/ HTTP/1.1" 200 7739
INFO - 2022-06-05 20:49:01,884 -  basehttp -  basehttp.py - "GET /admin/ HTTP/1.1" 200 8137
INFO - 2022-06-05 20:49:19,076 -  basehttp -  basehttp.py - - Broken pipe from ('127.0.0.1', 56166)

INFO - 2022-06-05 20:50:01,626 -  basehttp -  basehttp.py - - Broken pipe from ('127.0.0.1', 56190)

INFO - 2022-06-05 20:50:25,037 -  basehttp -  basehttp.py - "GET /admin/ HTTP/1.1" 200 8137
INFO - 2022-06-05 20:50:34,158 -  basehttp -  basehttp.py - "GET /products/ HTTP/1.1" 200 2847
INFO - 2022-06-05 20:50:44,052 -  basehttp -  basehttp.py - - Broken pipe from ('127.0.0.1', 56195)

INFO - 2022-06-05 20:52:58,553 -  views -  views.py - <QueryDict: {'name': ['Виктория'], 'email': ['itivih70@yandex.ru'], 'csrfmiddlewaretoken': ['VYZVNurDPGaWQcXSlp69lnRwHCUydFy06lbYjXvdxwqr5O0F7TUsj7gvs1EksrGr'], '3': ['2'], '2': ['2'], '1': ['5']}>
