{"message": null, "name": "\u0418\u043b\u044c\u044f", "email": "ilushamdmaa@yandex.ru", "csrfmiddlewaretoken": "fMGyXkGzKxZj3S3lWKEBhRnylnCL6eYYq9SBtNK9snfOiu68IesUfBMx6Mmxl06p", "3": "1", "2": "0", "1": "0"}
{"message": null, "name": "\u0418\u043b\u044c\u044f", "email": "ilushamdma@yandex.ru", "csrfmiddlewaretoken": "mK3aehZNSIxpNVDt3E3QpOYKNiFjqhiYx7fdKK3nAyNU2xGgP8R9nynJyHp5F3qp", "3": "2", "2": "2", "1": "1"}
{"message": null, "name": "\u0412\u0438\u043a\u0430", "email": "itivih70@yandex.ru", "csrfmiddlewaretoken": "syE8CjM2mwGUtPFHWPGsCVXdLAoieawzDVQb8MQC4mWpIrIuIjuLAFmcwZ84tWE0", "3": "1", "2": "2", "1": "1"}
{"message": null, "name": "\u041b\u0435\u0445\u0430", "email": "Cs.amice@yandex.ru", "csrfmiddlewaretoken": "TsRIXu6rUpRiMzWZDllE2OPkykprzTH64P3LtXa1Cf7N1bZMpP9X0yejjJ9dOFPx", "3": "10", "2": "3", "1": "1"}
{"message": null, "name": "\u0418\u043b\u044c\u044f", "email": "ilushamdma@yandex.ru", "csrfmiddlewaretoken": "IDX5wmKeNgmfE8JQgn0DO0ypN9Sav6edT0982POOv6CKTKMD2ROWMKXoyyCWKSmE", "3": "2", "2": "1", "1": "4"}
{"message": null, "name": "\u0418\u043b\u044c\u044f", "email": "ilushamdma@yandex.ru", "csrfmiddlewaretoken": "ekUzoQvU2HgPnv6sOKmU11qoHncOwngCpH6CUjzuKxwkC79fAeadZLPnsMWAL9o3", "3": "3", "2": "7", "1": "6"}
{"message": null, "1": "4", "name": "ilya", "email": "test@yandex.ru"}
{"message": null, "1": "4"}
{"message": null, "1": "4"}
{"message": null, "1": "4"}
{"message": null, "1": "4"}
{"message": null, "1": "4", "name": "ilya", "email": "test@yandex.ru"}
{"message": null, "1": "4", "name": "ilya", "email": "test@yandex.ru"}
{"message": null, "1": "4", "name": "ilya", "email": "test@yandex.ru"}
{"message": null, "1": "4", "name": "ilya", "email": "test@yandex.ru"}
{"message": null, "1": "4", "name": "ilya", "email": "test@yandex.ru"}
{"message": null, "1": "4", "name": "ilya", "email": "test@yandex.ru"}
{"message": null, "1": "4", "name": "ilya", "email": "test@yandex.ru"}
{"message": null, "1": "4", "name": "ilya", "email": "test@yandex.ru"}
{"message": null, "1": "4", "name": "ilya", "email": "test@yandex.ru"}
{"message": null, "1": "4", "name": "ilya", "email": "test@yandex.ru"}
{"message": null, "1": "4", "name": "ilya", "email": "test@yandex.ru"}
{"message": null, "1": "4", "name": "ilya", "email": "test@yandex.ru"}
{"message": null, "1": "4", "name": "ilya", "email": "test@yandex.ru"}
{"message": null, "1": "4", "name": "ilya", "email": "test@yandex.ru"}
{"message": null, "1": "4", "name": "ilya", "email": "test@yandex.ru"}
{"message": null, "1": "4", "name": "ilya", "email": "test@yandex.ru"}
{"message": null, "1": "4", "name": "ilya", "email": "test@yandex.ru"}
{"message": null, "1": "4", "name": "ilya", "email": "test@yandex.ru"}
{"message": null, "1": "4", "name": "ilya", "email": "test@yandex.ru"}
{"message": null, "1": "4", "name": "ilya", "email": "test@yandex.ru"}
{"message": null, "1": "4", "name": "ilya", "email": "test@yandex.ru"}
{"message": null, "1": "4", "name": "ilya", "email": "test@yandex.ru"}
{"message": null, "1": "4", "name": "ilya", "email": "test@yandex.ru"}
{"message": null, "1": "4", "name": "ilya", "email": "test@yandex.ru"}
{"message": null, "1": "4", "name": "ilya", "email": "test@yandex.ru"}
{"message": null, "1": "4", "name": "ilya", "email": "test@yandex.ru"}
{"message": null, "1": "4", "name": "ilya", "email": "test@yandex.ru"}
{"message": null, "1": "4", "name": "ilya", "email": "test@yandex.ru"}
{"message": null, "1": "4", "name": "ilya", "email": "test@yandex.ru"}
{"message": null, "1": "4", "name": "ilya", "email": "test@yandex.ru"}
{"message": null, "1": "4", "name": "ilya", "email": "test@yandex.ru"}
{"message": null, "1": "4", "name": "ilya", "email": "test@yandex.ru"}
{"message": null, "1": "4", "name": "ilya", "email": "test@yandex.ru"}
{"message": null, "1": "4", "name": "ilya", "email": "test@yandex.ru"}
{"message": null, "1": "4", "name": "ilya", "email": "test@yandex.ru"}
{"message": null, "1": "4", "name": "ilya", "email": "test@yandex.ru"}
{"message": null, "1": "4", "name": "ilya", "email": "test@yandex.ru"}
{"message": null, "1": "4", "name": "ilya", "email": "test@yandex.ru"}
{"message": null, "1": "4", "name": "ilya", "email": "test@yandex.ru"}
{"message": null, "1": "4", "name": "ilya", "email": "test@yandex.ru"}
{"message": null, "1": "4", "name": "ilya", "email": "test@yandex.ru"}
{"message": null, "1": "4", "name": "ilya", "email": "test@yandex.ru"}
{"message": null, "1": "4", "name": "ilya", "email": "test@yandex.ru"}
